<?xml version="1.0" encoding="UTF-8"?>
<robot generator="Robot 6.1 (Python 3.11.4 on win32)" generated="20230713 20:56:27.599" rpa="false" schemaversion="4">
<suite id="s1" name="TC JSON" source="C:\Users\Phantom\Desktop\Python project\RestAPI_Test_Robot\TestCases\TC_JSON.robot">
<test id="s1-t1" name="Get_country_Info" line="13">
<kw name="Create Session" library="RequestsLibrary">
<arg>session</arg>
<arg>${base_url}</arg>
<doc>Create Session: create a HTTP session to a server</doc>
<msg timestamp="20230713 20:56:27.895" level="INFO">Creating Session using : alias=session, url=https://restcountries.com, headers={},                     cookies={}, auth=None, timeout=None, proxies=None, verify=False,                     debug=0 </msg>
<status status="PASS" starttime="20230713 20:56:27.895" endtime="20230713 20:56:27.896"/>
</kw>
<kw name="Get Request" library="RequestsLibrary">
<var>${response}</var>
<arg>session</arg>
<arg>/v3.1/independent?status=true&amp;fields=languages,capital</arg>
<doc>*DEPRECATED* Please use `GET On Session` instead.</doc>
<msg timestamp="20230713 20:56:27.896" level="WARN">Keyword 'RequestsLibrary.Get Request' is deprecated. Please use `GET On Session` instead.</msg>
<msg timestamp="20230713 20:56:28.569" level="INFO">GET Request : url=https://restcountries.com/v3.1/independent?status=true&amp;fields=languages,capital 
 path_url=/v3.1/independent?status=true&amp;fields=languages,capital 
 headers={'User-Agent': 'python-requests/2.31.0', 'Accept-Encoding': 'gzip, deflate', 'Accept': '*/*', 'Connection': 'keep-alive'} 
 body=None 
 </msg>
<msg timestamp="20230713 20:56:28.570" level="INFO">GET Response : url=https://restcountries.com/v3.1/independent?status=true&amp;fields=languages,capital 
 status=200, reason=OK 
 headers={'Date': 'Thu, 13 Jul 2023 17:56:28 GMT', 'Server': 'Apache/2.4.38 (Debian)', 'Cache-Control': 'public, immutable, max-age=31556926', 'content-type': 'application/json', 'content-encoding': 'gzip', 'content-length': '3028', 'Keep-Alive': 'timeout=5, max=100', 'Connection': 'Keep-Alive'} 
 body=[{"capital":["Amman"],"languages":{"ara":"Arabic"}},{"capital":["Belgrade"],"languages":{"srp":"Serbian"}},{"capital":["Andorra la Vella"],"languages":{"cat":"Catalan"}},{"capital":["Sucre"],"languages":{"aym":"Aymara","grn":"Guaraní","que":"Quechua","spa":"Spanish"}},{"capital":["Tripoli"],"languages":{"ara":"Arabic"}},{"capital":["Bamako"],"languages":{"fra":"French"}},{"capital":["Yerevan"],"languages":{"hye":"Armenian"}},{"capital":["Port Louis"],"languages":{"eng":"English","fra":"French","mfe":"Mauritian Creole"}},{"capital":["Malé"],"languages":{"div":"Maldivian"}},{"capital":["Skopje"],"languages":{"mkd":"Macedonian"}},{"capital":["Addis Ababa"],"languages":{"amh":"Amharic"}},{"capital":["Baghdad"],"languages":{"ara":"Arabic","arc":"Aramaic","ckb":"Sorani"}},{"capital":["Guatemala City"],"languages":{"spa":"Spanish"}},{"capital":["Port of Spain"],"languages":{"eng":"English"}},{"capital":["Lima"],"languages":{"aym":"Aymara","que":"Quechua","spa":"Spanish"}},{"capital":["Paramaribo"],"languages":{"nld":"Dutch"}},{"capital":["Stockholm"],"languages":{"swe":"Swedish"}},{"capital":["Porto-Novo"],"languages":{"fra":"French"}},{"capital":["Tallinn"],"languages":{"est":"Estonian"}},{"capital":["Harare"],"languages":{"bwg":"Chibarwe","eng":"English","kck":"Kalanga","khi":"Khoisan","ndc":"Ndau","nde":"Northern Ndebele","nya":"Chewa","sna":"Shona","sot":"Sotho","toi":"Tonga","tsn":"Tswana","tso":"Tsonga","ven":"Venda","xho":"Xhosa","zib":"Zimbabwean Sign Language"}},{"capital":["Bratislava"],"languages":{"slk":"Slovak"}},{"capital":["Amsterdam"],"languages":{"nld":"Dutch"}},{"capital":["Quito"],"languages":{"spa":"Spanish"}},{"capital":["Riyadh"],"languages":{"ara":"Arabic"}},{"capital":["Abu Dhabi"],"languages":{"ara":"Arabic"}},{"capital":["Kabul"],"languages":{"prs":"Dari","pus":"Pashto","tuk":"Turkmen"}},{"capital":["Bangui"],"languages":{"fra":"French","sag":"Sango"}},{"capital":["Panama City"],"languages":{"spa":"Spanish"}},{"capital":["Vatican City"],"languages":{"ita":"Italian","lat":"Latin"}},{"capital":["Damascus"],"languages":{"ara":"Arabic"}},{"capital":["Port Vila"],"languages":{"bis":"Bislama","eng":"English","fra":"French"}},{"capital":["Tegucigalpa"],"languages":{"spa":"Spanish"}},{"capital":["South Tarawa"],"languages":{"eng":"English","gil":"Gilbertese"}},{"capital":["Santiago"],"languages":{"spa":"Spanish"}},{"capital":["Ouagadougou"],"languages":{"fra":"French"}},{"capital":["Basseterre"],"languages":{"eng":"English"}},{"capital":["Mexico City"],"languages":{"spa":"Spanish"}},{"capital":["Beijing"],"languages":{"zho":"Chinese"}},{"capital":["Dili"],"languages":{"por":"Portuguese","tet":"Tetum"}},{"capital":["Juba"],"languages":{"eng":"English"}},{"capital":["Mbabane"],"languages":{"eng":"English","ssw":"Swazi"}},{"capital":["Tashkent"],"languages":{"rus":"Russian","uzb":"Uzbek"}},{"capital":["Jakarta"],"languages":{"ind":"Indonesian"}},{"capital":["Asunción"],"languages":{"grn":"Guaraní","spa":"Spanish"}},{"capital":["Monaco"],"languages":{"fra":"French"}},{"capital":["St. George's"],"languages":{"eng":"English"}},{"capital":["Zagreb"],"languages":{"hrv":"Croatian"}},{"capital":["Warsaw"],"languages":{"pol":"Polish"}},{"capital":["Sarajevo"],"languages":{"bos":"Bosnian","hrv":"Croatian","srp":"Serbian"}},{"capital":["Ottawa"],"languages":{"eng":"English","fra":"French"}},{"capital":["Lisbon"],"languages":{"por":"Portuguese"}},{"capital":["Brasília"],"languages":{"por":"Portuguese"}},{"capital":["Nouakchott"],"languages":{"ara":"Arabic"}},{"capital":["Jerusalem"],"languages":{"ara":"Arabic","heb":"Hebrew"}},{"capital":["Bandar Seri Begawan"],"languages":{"msa":"Malay"}},{"capital":["Luanda"],"languages":{"por":"Portuguese"}},{"capital":["Valletta"],"languages":{"eng":"English","mlt":"Maltese"}},{"capital":["Minsk"],"languages":{"bel":"Belarusian","rus":"Russian"}},{"capital":["Ankara"],"languages":{"tur":"Turkish"}},{"capital":["Helsinki"],"languages":{"fin":"Finnish","swe":"Swedish"}},{"capital":["Thimphu"],"languages":{"dzo":"Dzongkha"}},{"capital":["Madrid"],"languages":{"spa":"Spanish"}},{"capital":["Caracas"],"languages":{"spa":"Spanish"}},{"capital":["Doha"],"languages":{"ara":"Arabic"}},{"capital":["Prague"],"languages":{"ces":"Czech","slk":"Slovak"}},{"capital":["Kuwait City"],"languages":{"ara":"Arabic"}},{"capital":["Podgorica"],"languages":{"cnr":"Montenegrin"}},{"capital":["New Delhi"],"languages":{"eng":"English","hin":"Hindi","tam":"Tamil"}},{"capital":["Wellington"],"languages":{"eng":"English","mri":"Māori","nzs":"New Zealand Sign Language"}},{"capital":["Kingston"],"languages":{"eng":"English","jam":"Jamaican Patois"}},{"capital":["City of San Marino"],"languages":{"ita":"Italian"}},{"capital":["Brazzaville"],"languages":{"fra":"French","kon":"Kikongo","lin":"Lingala"}},{"capital":["Islamabad"],"languages":{"eng":"English","urd":"Urdu"}},{"capital":["Paris"],"languages":{"fra":"French"}},{"capital":["Nur-Sultan"],"languages":{"kaz":"Kazakh","rus":"Russian"}},{"capital":["Manama"],"languages":{"ara":"Arabic"}},{"capital":["Suva"],"languages":{"eng":"English","fij":"Fijian","hif":"Fiji Hindi"}},{"capital":["Reykjavik"],"languages":{"isl":"Icelandic"}},{"capital":["Naypyidaw"],"languages":{"mya":"Burmese"}},{"capital":["Dhaka"],"languages":{"ben":"Bengali"}},{"capital":["Manila"],"languages":{"eng":"English","fil":"Filipino"}},{"capital":["Malabo"],"languages":{"fra":"French","por":"Portuguese","spa":"Spanish"}},{"capital":["Dublin"],"languages":{"eng":"English","gle":"Irish"}},{"capital":["Kathmandu"],"languages":{"nep":"Nepali"}},{"capital":["Sana'a"],"languages":{"ara":"Arabic"}},{"capital":["Seoul"],"languages":{"kor":"Korean"}},{"capital":["Copenhagen"],"languages":{"dan":"Danish"}},{"capital":["Muscat"],"languages":{"ara":"Arabic"}},{"capital":["Kingstown"],"languages":{"eng":"English"}},{"capital":["Asmara"],"languages":{"ara":"Arabic","eng":"English","tir":"Tigrinya"}},{"capital":["Canberra"],"languages":{"eng":"English"}},{"capital":["Tehran"],"languages":{"fas":"Persian (Farsi)"}},{"capital":["San Salvador"],"languages":{"spa":"Spanish"}},{"capital":["Dodoma"],"languages":{"eng":"English","swa":"Swahili"}},{"capital":["Honiara"],"languages":{"eng":"English"}},{"capital":["Nairobi"],"languages":{"eng":"English","swa":"Swahili"}},{"capital":["Santo Domingo"],"languages":{"spa":"Spanish"}},{"capital":["Athens"],"languages":{"ell":"Greek"}},{"capital":["Kigali"],"languages":{"eng":"English","fra":"French","kin":"Kinyarwanda"}},{"capital":["Funafuti"],"languages":{"eng":"English","tvl":"Tuvaluan"}},{"capital":["Georgetown"],"languages":{"eng":"English"}},{"capital":["Victoria"],"languages":{"crs":"Seychellois Creole","eng":"English","fra":"French"}},{"capital":["Pyongyang"],"languages":{"kor":"Korean"}},{"capital":["Gaborone"],"languages":{"eng":"English","tsn":"Tswana"}},{"capital":["Phnom Penh"],"languages":{"khm":"Khmer"}},{"capital":["Bridgetown"],"languages":{"eng":"English"}},{"capital":["Bogotá"],"languages":{"spa":"Spanish"}},{"capital":["Kyiv"],"languages":{"ukr":"Ukrainian"}},{"capital":["Yamoussoukro"],"languages":{"fra":"French"}},{"capital":["Yaren"],"languages":{"eng":"English","nau":"Nauru"}},{"capital":["Windhoek"],"languages":{"afr":"Afrikaans","deu":"German","eng":"English","her":"Herero","hgm":"Khoekhoe","kwn":"Kwangali","loz":"Lozi","ndo":"Ndonga","tsn":"Tswana"}},{"capital":["N'Djamena"],"languages":{"ara":"Arabic","fra":"French"}},{"capital":["Nuku'alofa"],"languages":{"eng":"English","ton":"Tongan"}},{"capital":["Buenos Aires"],"languages":{"grn":"Guaraní","spa":"Spanish"}},{"capital":["Niamey"],"languages":{"fra":"French"}},{"capital":["Majuro"],"languages":{"eng":"English","mah":"Marshallese"}},{"capital":["San José"],"languages":{"spa":"Spanish"}},{"capital":["Accra"],"languages":{"eng":"English"}},{"capital":["Vienna"],"languages":{"de":"German"}},{"capital":["Havana"],"languages":{"spa":"Spanish"}},{"capital":["Budapest"],"languages":{"hun":"Hungarian"}},{"capital":["Palikir"],"languages":{"eng":"English"}},{"capital":["Belmopan"],"languages":{"bjz":"Belizean Creole","eng":"English","spa":"Spanish"}},{"capital":["Nassau"],"languages":{"eng":"English"}},{"capital":["São Tomé"],"languages":{"por":"Portuguese"}},{"capital":["Moscow"],"languages":{"rus":"Russian"}},{"capital":["Luxembourg"],"languages":{"deu":"German","fra":"French","ltz":"Luxembourgish"}},{"capital":["Managua"],"languages":{"spa":"Spanish"}},{"capital":["Tunis"],"languages":{"ara":"Arabic"}},{"capital":["Kinshasa"],"languages":{"fra":"French","kon":"Kikongo","lin":"Lingala","lua":"Tshiluba","swa":"Swahili"}},{"capital":["Pretoria","Bloemfontein","Cape Town"],"languages":{"afr":"Afrikaans","eng":"English","nbl":"Southern Ndebele","nso":"Northern Sotho","sot":"Southern Sotho","ssw":"Swazi","tsn":"Tswana","tso":"Tsonga","ven":"Venda","xho":"Xhosa","zul":"Zulu"}},{"capital":["Freetown"],"languages":{"eng":"English"}},{"capital":["Maseru"],"languages":{"eng":"English","sot":"Sotho"}},{"capital":["Rome"],"languages":{"ita":"Italian"}},{"capital":["Djibouti"],"languages":{"ara":"Arabic","fra":"French"}},{"capital":["Sri Jayawardenepura Kotte"],"languages":{"sin":"Sinhala","tam":"Tamil"}},{"capital":["Castries"],"languages":{"eng":"English"}},{"capital":["Apia"],"languages":{"eng":"English","smo":"Samoan"}},{"capital":["Libreville"],"languages":{"fra":"French"}},{"capital":["Ashgabat"],"languages":{"rus":"Russian","tuk":"Turkmen"}},{"capital":["Riga"],"languages":{"lav":"Latvian"}},{"capital":["Dakar"],"languages":{"fra":"French"}},{"capital":["Brussels"],"languages":{"deu":"German","fra":"French","nld":"Dutch"}},{"capital":["Chișinău"],"languages":{"ron":"Romanian"}},{"capital":["Vaduz"],"languages":{"deu":"German"}},{"capital":["Lilongwe"],"languages":{"eng":"English","nya":"Chewa"}},{"capital":["Beirut"],"languages":{"ara":"Arabic","fra":"French"}},{"capital":["Ulan Bator"],"languages":{"mon":"Mongolian"}},{"capital":["Oslo"],"languages":{"nno":"Norwegian Nynorsk","nob":"Norwegian Bokmål... (set the log level to DEBUG or TRACE to see the full content) 
 </msg>
<msg timestamp="20230713 20:56:28.570" level="INFO">C:\Python311\Lib\site-packages\urllib3\connectionpool.py:1095: InsecureRequestWarning: Unverified HTTPS request is being made to host 'restcountries.com'. Adding certificate verification is strongly advised. See: https://urllib3.readthedocs.io/en/latest/advanced-usage.html#tls-warnings
  warnings.warn(</msg>
<msg timestamp="20230713 20:56:28.571" level="INFO">${response} = &lt;Response [200]&gt;</msg>
<status status="PASS" starttime="20230713 20:56:27.896" endtime="20230713 20:56:28.571"/>
</kw>
<kw name="Get Json Value">
<var>${json_obj}</var>
<arg>${response.content}</arg>
<msg timestamp="20230713 20:56:28.576" level="FAIL">No keyword with name 'Get Json Value' found. Did you try using keyword 'RequestsLibrary.GET' and forgot to use enough whitespace between keyword and arguments?</msg>
<status status="FAIL" starttime="20230713 20:56:28.575" endtime="20230713 20:56:28.576"/>
</kw>
<kw name="Get Value From Json" library="JSONLibrary">
<var>${country_name}</var>
<arg>${json_obj}</arg>
<arg>$.name</arg>
<doc>Get Value From JSON using JSONPath</doc>
<status status="NOT RUN" starttime="20230713 20:56:28.576" endtime="20230713 20:56:28.576"/>
</kw>
<kw name="Log To Console" library="BuiltIn">
<arg>${country_name[0]}</arg>
<doc>Logs the given message to the console.</doc>
<status status="NOT RUN" starttime="20230713 20:56:28.577" endtime="20230713 20:56:28.577"/>
</kw>
<status status="FAIL" starttime="20230713 20:56:27.894" endtime="20230713 20:56:28.577">No keyword with name 'Get Json Value' found. Did you try using keyword 'RequestsLibrary.GET' and forgot to use enough whitespace between keyword and arguments?</status>
</test>
<status status="FAIL" starttime="20230713 20:56:27.602" endtime="20230713 20:56:28.579"/>
</suite>
<statistics>
<total>
<stat pass="0" fail="1" skip="0">All Tests</stat>
</total>
<tag>
</tag>
<suite>
<stat pass="0" fail="1" skip="0" id="s1" name="TC JSON">TC JSON</stat>
</suite>
</statistics>
<errors>
<msg timestamp="20230713 20:56:27.896" level="WARN">Keyword 'RequestsLibrary.Get Request' is deprecated. Please use `GET On Session` instead.</msg>
</errors>
</robot>
